[0m21:55:25.008492 [debug] [MainThread]: Sending event: {'category': 'dbt', 'action': 'invocation', 'label': 'start', 'context': [<snowplow_tracker.self_describing_json.SelfDescribingJson object at 0x1049b2060>, <snowplow_tracker.self_describing_json.SelfDescribingJson object at 0x104b7b380>, <snowplow_tracker.self_describing_json.SelfDescribingJson object at 0x104b9d670>]}


============================== 21:55:25.011554 | 96ce4177-bc50-4e41-875e-524646a194ba ==============================
[0m21:55:25.011554 [info ] [MainThread]: Running with dbt=1.11.2
[0m21:55:25.011851 [debug] [MainThread]: running dbt with arguments {'send_anonymous_usage_stats': 'True', 'version_check': 'True', 'printer_width': '80', 'debug': 'False', 'use_colors': 'True', 'no_print': 'None', 'partial_parse': 'True', 'write_json': 'True', 'log_path': 'logs', 'empty': 'None', 'invocation_command': 'dbt init cliniciq_dbt', 'warn_error': 'None', 'quiet': 'False', 'introspect': 'True', 'fail_fast': 'False', 'log_cache_events': 'False', 'indirect_selection': 'eager', 'static_parser': 'True', 'warn_error_options': 'WarnErrorOptionsV2(error=[], warn=[], silence=[])', 'log_format': 'default', 'use_experimental_parser': 'False', 'profiles_dir': '/Users/juliancharlankelly/.dbt', 'target_path': 'None', 'cache_selected_only': 'False'}
[0m21:55:25.021168 [debug] [MainThread]: Starter project path: /Library/Frameworks/Python.framework/Versions/3.12/lib/python3.12/site-packages/dbt/include/starter_project
[0m21:55:25.024601 [info ] [MainThread]: 
Your new dbt project "cliniciq_dbt" was created!

For more information on how to configure the profiles.yml file,
please consult the dbt documentation here:

  https://docs.getdbt.com/docs/configure-your-profile

One more thing:

Need help? Don't hesitate to reach out to us via GitHub issues or on Slack:

  https://community.getdbt.com/

Happy modeling!

[0m21:55:25.024753 [info ] [MainThread]: Setting up your profile.
[0m21:55:58.843416 [info ] [MainThread]: Profile cliniciq_dbt written to /Users/juliancharlankelly/.dbt/profiles.yml using target's sample configuration. Once updated, you'll be able to start developing with dbt.
[0m21:55:58.845845 [debug] [MainThread]: Resource report: {"command_name": "init", "command_success": true, "command_wall_clock_time": 33.878117, "process_in_blocks": "0", "process_kernel_time": 0.188244, "process_mem_max_rss": "118226944", "process_out_blocks": "0", "process_user_time": 0.71681}
[0m21:55:58.846094 [debug] [MainThread]: Command `dbt init` succeeded at 21:55:58.846039 after 33.88 seconds
[0m21:55:58.846252 [debug] [MainThread]: Sending event: {'category': 'dbt', 'action': 'invocation', 'label': 'end', 'context': [<snowplow_tracker.self_describing_json.SelfDescribingJson object at 0x104dfd5e0>, <snowplow_tracker.self_describing_json.SelfDescribingJson object at 0x10512fdd0>, <snowplow_tracker.self_describing_json.SelfDescribingJson object at 0x10512d880>]}
[0m21:55:58.846418 [debug] [MainThread]: Flushing usage events
[0m21:55:59.580202 [debug] [MainThread]: An error was encountered while trying to flush usage events
